# JRE version: Java(TM) SE Runtime Environment (8.0_111-b14) (build 1.8.0_111-b14)
# Java VM: Java HotSpot(TM) 64-Bit Server VM (25.111-b14 mixed mode windows-amd64 compressed oops)
Heap:
 PSYoungGen      total 9728K, used 2426K [0x00000000f5b80000, 0x00000000f6600000, 0x0000000100000000)
  eden space 8704K, 27% used [0x00000000f5b80000,0x00000000f5ddebe0,0x00000000f6400000)
  from space 1024K, 0% used [0x00000000f6400000,0x00000000f6400000,0x00000000f6500000)
  to   space 1024K, 0% used [0x00000000f6500000,0x00000000f6500000,0x00000000f6600000)
 ParOldGen       total 22016K, used 17178K [0x00000000e1200000, 0x00000000e2780000, 0x00000000f5b80000)
  object space 22016K, 78% used [0x00000000e1200000,0x00000000e22c6988,0x00000000e2780000)
 Metaspace       used 10181K, capacity 10402K, committed 10624K, reserved 1058816K
  class space    used 1230K, capacity 1329K, committed 1408K, reserved 1048576K
GC Heap History (10 events):
Event: 7.328 GC heap before
{Heap before GC invocations=2 (full 0):
 PSYoungGen      total 9728K, used 9696K [0x00000000f5b80000, 0x00000000f6600000, 0x0000000100000000)
  eden space 8704K, 100% used [0x00000000f5b80000,0x00000000f6400000,0x00000000f6400000)
  from space 1024K, 96% used [0x00000000f6400000,0x00000000f64f8020,0x00000000f6500000)
  to   space 1024K, 0% used [0x00000000f6500000,0x00000000f6500000,0x00000000f6600000)
 ParOldGen       total 22016K, used 2652K [0x00000000e1200000, 0x00000000e2780000, 0x00000000f5b80000)
  object space 22016K, 12% used [0x00000000e1200000,0x00000000e1497080,0x00000000e2780000)
 Metaspace       used 9736K, capacity 9976K, committed 10112K, reserved 1058816K
  class space    used 1193K, capacity 1295K, committed 1408K, reserved 1048576K
Event: 7.349 GC heap after
Heap after GC invocations=2 (full 0):
 PSYoungGen      total 9728K, used 999K [0x00000000f5b80000, 0x00000000f6600000, 0x0000000100000000)
  eden space 8704K, 0% used [0x00000000f5b80000,0x00000000f5b80000,0x00000000f6400000)
  from space 1024K, 97% used [0x00000000f6500000,0x00000000f65f9f20,0x00000000f6600000)
  to   space 1024K, 0% used [0x00000000f6400000,0x00000000f6400000,0x00000000f6500000)
 ParOldGen       total 22016K, used 16249K [0x00000000e1200000, 0x00000000e2780000, 0x00000000f5b80000)
  object space 22016K, 73% used [0x00000000e1200000,0x00000000e21de748,0x00000000e2780000)
 Metaspace       used 9736K, capacity 9976K, committed 10112K, reserved 1058816K
  class space    used 1193K, capacity 1295K, committed 1408K, reserved 1048576K
}
Event: 7.350 GC heap before
{Heap before GC invocations=3 (full 1):
 PSYoungGen      total 9728K, used 999K [0x00000000f5b80000, 0x00000000f6600000, 0x0000000100000000)
  eden space 8704K, 0% used [0x00000000f5b80000,0x00000000f5b80000,0x00000000f6400000)
  from space 1024K, 97% used [0x00000000f6500000,0x00000000f65f9f20,0x00000000f6600000)
  to   space 1024K, 0% used [0x00000000f6400000,0x00000000f6400000,0x00000000f6500000)
 ParOldGen       total 22016K, used 16249K [0x00000000e1200000, 0x00000000e2780000, 0x00000000f5b80000)
  object space 22016K, 73% used [0x00000000e1200000,0x00000000e21de748,0x00000000e2780000)
 Metaspace       used 9736K, capacity 9976K, committed 10112K, reserved 1058816K
  class space    used 1193K, capacity 1295K, committed 1408K, reserved 1048576K
Event: 7.391 GC heap after
Heap after GC invocations=3 (full 1):
 PSYoungGen      total 9728K, used 0K [0x00000000f5b80000, 0x00000000f6600000, 0x0000000100000000)
  eden space 8704K, 0% used [0x00000000f5b80000,0x00000000f5b80000,0x00000000f6400000)
  from space 1024K, 0% used [0x00000000f6500000,0x00000000f6500000,0x00000000f6600000)
  to   space 1024K, 0% used [0x00000000f6400000,0x00000000f6400000,0x00000000f6500000)
 ParOldGen       total 22016K, used 9706K [0x00000000e1200000, 0x00000000e2780000, 0x00000000f5b80000)
  object space 22016K, 44% used [0x00000000e1200000,0x00000000e1b7ab30,0x00000000e2780000)
 Metaspace       used 9736K, capacity 9976K, committed 10112K, reserved 1058816K
  class space    used 1193K, capacity 1295K, committed 1408K, reserved 1048576K
}
Event: 7.463 GC heap before
{Heap before GC invocations=4 (full 1):
 PSYoungGen      total 9728K, used 8704K [0x00000000f5b80000, 0x00000000f6600000, 0x0000000100000000)
  eden space 8704K, 100% used [0x00000000f5b80000,0x00000000f6400000,0x00000000f6400000)
  from space 1024K, 0% used [0x00000000f6500000,0x00000000f6500000,0x00000000f6600000)
  to   space 1024K, 0% used [0x00000000f6400000,0x00000000f6400000,0x00000000f6500000)
 ParOldGen       total 22016K, used 9706K [0x00000000e1200000, 0x00000000e2780000, 0x00000000f5b80000)
  object space 22016K, 44% used [0x00000000e1200000,0x00000000e1b7ab30,0x00000000e2780000)
 Metaspace       used 9736K, capacity 9976K, committed 10112K, reserved 1058816K
  class space    used 1193K, capacity 1295K, committed 1408K, reserved 1048576K
Event: 7.472 GC heap after
Heap after GC invocations=4 (full 1):
 PSYoungGen      total 9728K, used 160K [0x00000000f5b80000, 0x00000000f6600000, 0x0000000100000000)
  eden space 8704K, 0% used [0x00000000f5b80000,0x00000000f5b80000,0x00000000f6400000)
  from space 1024K, 15% used [0x00000000f6400000,0x00000000f6428000,0x00000000f6500000)
  to   space 1024K, 0% used [0x00000000f6500000,0x00000000f6500000,0x00000000f6600000)
 ParOldGen       total 22016K, used 20956K [0x00000000e1200000, 0x00000000e2780000, 0x00000000f5b80000)
  object space 22016K, 95% used [0x00000000e1200000,0x00000000e2677360,0x00000000e2780000)
 Metaspace       used 9736K, capacity 9976K, committed 10112K, reserved 1058816K
  class space    used 1193K, capacity 1295K, committed 1408K, reserved 1048576K
}
Event: 7.472 GC heap before
{Heap before GC invocations=5 (full 2):
 PSYoungGen      total 9728K, used 160K [0x00000000f5b80000, 0x00000000f6600000, 0x0000000100000000)
  eden space 8704K, 0% used [0x00000000f5b80000,0x00000000f5b80000,0x00000000f6400000)
  from space 1024K, 15% used [0x00000000f6400000,0x00000000f6428000,0x00000000f6500000)
  to   space 1024K, 0% used [0x00000000f6500000,0x00000000f6500000,0x00000000f6600000)
 ParOldGen       total 22016K, used 20956K [0x00000000e1200000, 0x00000000e2780000, 0x00000000f5b80000)
  object space 22016K, 95% used [0x00000000e1200000,0x00000000e2677360,0x00000000e2780000)
 Metaspace       used 9736K, capacity 9976K, committed 10112K, reserved 1058816K
  class space    used 1193K, capacity 1295K, committed 1408K, reserved 1048576K
Event: 7.498 GC heap after
Heap after GC invocations=5 (full 2):
 PSYoungGen      total 9728K, used 0K [0x00000000f5b80000, 0x00000000f6600000, 0x0000000100000000)
  eden space 8704K, 0% used [0x00000000f5b80000,0x00000000f5b80000,0x00000000f6400000)
  from space 1024K, 0% used [0x00000000f6400000,0x00000000f6400000,0x00000000f6500000)
  to   space 1024K, 0% used [0x00000000f6500000,0x00000000f6500000,0x00000000f6600000)
 ParOldGen       total 22016K, used 13505K [0x00000000e1200000, 0x00000000e2780000, 0x00000000f5b80000)
  object space 22016K, 61% used [0x00000000e1200000,0x00000000e1f305e0,0x00000000e2780000)
 Metaspace       used 9736K, capacity 9976K, committed 10112K, reserved 1058816K
  class space    used 1193K, capacity 1295K, committed 1408K, reserved 1048576K
}
Event: 7.579 GC heap before
{Heap before GC invocations=6 (full 3):
 PSYoungGen      total 9728K, used 8704K [0x00000000f5b80000, 0x00000000f6600000, 0x0000000100000000)
  eden space 8704K, 100% used [0x00000000f5b80000,0x00000000f6400000,0x00000000f6400000)
  from space 1024K, 0% used [0x00000000f6400000,0x00000000f6400000,0x00000000f6500000)
  to   space 1024K, 0% used [0x00000000f6500000,0x00000000f6500000,0x00000000f6600000)
 ParOldGen       total 22016K, used 13505K [0x00000000e1200000, 0x00000000e2780000, 0x00000000f5b80000)
  object space 22016K, 61% used [0x00000000e1200000,0x00000000e1f305e0,0x00000000e2780000)
 Metaspace       used 9736K, capacity 9976K, committed 10112K, reserved 1058816K
  class space    used 1193K, capacity 1295K, committed 1408K, reserved 1048576K
Event: 7.655 GC heap after
Heap after GC invocations=6 (full 3):
 PSYoungGen      total 9728K, used 0K [0x00000000f5b80000, 0x00000000f6600000, 0x0000000100000000)
  eden space 8704K, 0% used [0x00000000f5b80000,0x00000000f5b80000,0x00000000f6400000)
  from space 1024K, 0% used [0x00000000f6400000,0x00000000f6400000,0x00000000f6500000)
  to   space 1024K, 0% used [0x00000000f6500000,0x00000000f6500000,0x00000000f6600000)
 ParOldGen       total 22016K, used 17178K [0x00000000e1200000, 0x00000000e2780000, 0x00000000f5b80000)
  object space 22016K, 78% used [0x00000000e1200000,0x00000000e22c6988,0x00000000e2780000)
 Metaspace       used 9736K, capacity 9976K, committed 10112K, reserved 1058816K
  class space    used 1193K, capacity 1295K, committed 1408K, reserved 1048576K
}

